2024-03-03T13:08:03.152882+0100 INFO User ID: 5c5977394912b735b9e07d00
2024-03-03T13:08:03.930861+0100 INFO Booked: False, Message: No hours booked on this workday.
2024-03-03T13:08:03.930861+0100 INFO JiraNotify started
2024-03-03T13:08:03.967982+0100 INFO JiraNotify window configured
2024-03-03T13:08:03.968982+0100 INFO JiraNotify widgets created
2024-03-03T13:08:03.971982+0100 INFO VLC setup done
2024-03-03T13:08:08.174999+0100 INFO Website opened and window closed
2024-03-03T13:09:37.785548+0100 INFO User ID: 5c5977394912b735b9e07d00
2024-03-03T13:09:38.210505+0100 INFO Booked: False, Message: No hours booked on this workday.
2024-03-03T13:09:38.210505+0100 INFO JiraNotify started
2024-03-03T13:09:38.244505+0100 INFO JiraNotify window configured
2024-03-03T13:09:38.245506+0100 INFO JiraNotify widgets created
2024-03-03T13:09:38.247505+0100 INFO VLC setup done
2024-03-03T13:09:40.445570+0100 INFO Website opened and window closed
2024-03-03T13:10:14.882939+0100 INFO User ID: 5c5977394912b735b9e07d00
2024-03-03T13:10:15.293947+0100 INFO Booked: False, Message: No hours booked on this workday.
2024-03-03T13:10:15.294946+0100 INFO JiraNotify started
2024-03-03T13:10:15.332454+0100 INFO JiraNotify window configured
2024-03-03T13:10:15.333454+0100 INFO JiraNotify widgets created
2024-03-03T13:10:15.335454+0100 INFO VLC setup done
2024-03-03T13:10:16.508686+0100 INFO Website opened and window closed
2024-03-03T13:10:39.940879+0100 INFO User ID: 5c5977394912b735b9e07d00
2024-03-03T13:10:40.359299+0100 INFO Booked: False, Message: No hours booked on this workday.
2024-03-03T13:10:40.359299+0100 INFO JiraNotify started
2024-03-03T13:10:40.396848+0100 INFO JiraNotify window configured
2024-03-03T13:10:40.398847+0100 INFO JiraNotify widgets created
2024-03-03T13:10:40.399848+0100 INFO VLC setup done
2024-03-03T13:11:10.527085+0100 INFO User ID: 5c5977394912b735b9e07d00
2024-03-03T13:11:10.936427+0100 INFO Booked: False, Message: No hours booked on this workday.
2024-03-03T13:11:10.936427+0100 INFO JiraNotify started
2024-03-03T13:11:10.968938+0100 INFO JiraNotify window configured
2024-03-03T13:11:10.969937+0100 INFO JiraNotify widgets created
2024-03-03T13:11:10.971490+0100 INFO VLC setup done
2024-03-03T13:11:16.074053+0100 INFO User ID: 5c5977394912b735b9e07d00
2024-03-03T13:11:16.506776+0100 INFO Booked: False, Message: No hours booked on this workday.
2024-03-03T13:11:16.506776+0100 INFO JiraNotify started
2024-03-03T13:11:16.537776+0100 INFO JiraNotify window configured
2024-03-03T13:11:16.539775+0100 INFO JiraNotify widgets created
2024-03-03T13:11:16.541775+0100 INFO VLC setup done
2024-03-03T13:11:18.315216+0100 INFO Website opened and window closed
